<?xml version="1.0" encoding="utf-8"?><testsuites><testsuite name="pytest" errors="0" failures="0" skipped="0" tests="3" time="29.681" timestamp="2021-09-12T16:46:20.302273" hostname="DESKTOP-PUVVO8C"><testcase classname="tests.test_HomePage.TestHomePage" name="test_PageSubmission[getData0]" time="9.000" /><testcase classname="tests.test_HomePage.TestHomePage" name="test_PageSubmission[getData1]" time="1.312" /><testcase classname="tests.test_e2e.TestOne" name="test_e2e" time="19.217" /></testsuite></testsuites>